<?xml version="1.0" encoding="UTF-8"?>
<testsuite name="example.Tests" tests="14" skipped="0" failures="0" errors="0" timestamp="2021-09-06T15:27:24" hostname="DESKTOP-PQ2APH8" time="130.124">
  <properties/>
  <testcase name="loginTest()" classname="example.Tests" time="10.293"/>
  <testcase name="addEmployeeTest()" classname="example.Tests" time="6.787"/>
  <testcase name="deleteEmployeeTest()" classname="example.Tests" time="14.344"/>
  <testcase name="addAdminUserTest()" classname="example.Tests" time="11.914"/>
  <testcase name="[1] value_objects.JobTitle@4c9b05f5" classname="example.Tests" time="9.316"/>
  <testcase name="[2] value_objects.JobTitle@48af1339" classname="example.Tests" time="8.362"/>
  <testcase name="[3] value_objects.JobTitle@3b8143c3" classname="example.Tests" time="8.251"/>
  <testcase name="[1] value_objects.JobTitle@98505bb" classname="example.Tests" time="11.007"/>
  <testcase name="[2] value_objects.JobTitle@235ad8a" classname="example.Tests" time="10.831"/>
  <testcase name="[3] value_objects.JobTitle@4defd631" classname="example.Tests" time="10.52"/>
  <testcase name="addCandidateTest()" classname="example.Tests" time="8.019"/>
  <testcase name="addAssignLeaveTest()" classname="example.Tests" time="8.786"/>
  <testcase name="dashboardVisiblePanelsTest()" classname="example.Tests" time="3.918"/>
  <testcase name="fieldSalesEmployeeTest()" classname="example.Tests" time="7.715"/>
  <system-out><![CDATA[]]></system-out>
  <system-err><![CDATA[Starting ChromeDriver 92.0.4515.107 (87a818b10553a07434ea9e2b6dccf3cbe7895134-refs/branch-heads/4515@{#1634}) on port 8885
Only local connections are allowed.
Please see https://chromedriver.chromium.org/security-considerations for suggestions on keeping ChromeDriver safe.
ChromeDriver was started successfully.
сен 06, 2021 6:27:26 PM org.openqa.selenium.remote.ProtocolHandshake createSession
INFO: Detected dialect: W3C
]]></system-err>
</testsuite>
